Arguments: 
  /usr/bin/node /usr/local/bin/yarn install

PATH: 
  /usr/local/sbin:/usr/local/bin:/usr/sbin:/usr/bin:/sbin:/bin:/usr/games:/usr/local/games:/snap/bin

Yarn version: 
  1.22.18

Node version: 
  10.19.0

Platform: 
  linux x64

Trace: 
  Error: connect EHOSTUNREACH 104.16.24.35:443
      at TCPConnectWrap.afterConnect [as oncomplete] (net.js:1107:14)

npm manifest: 
  {
      "name": "binar-fsw-challenge-04",
      "version": "1.0.0",
      "description": "Project HTTP Server dan DOM",
      "main": "server/server.js",
      "author": "Muhammad Ardana <ardana733@gmail.com>",
      "license": "MIT",
      "private": false,
      "scripts": {
          "start": "nodemon server/server.js"
      },
      "dependencies": {
          "nodemon": "^2.0.15"
      }
  }

yarn manifest: 
  No manifest

Lockfile: 
  # THIS IS AN AUTOGENERATED FILE. DO NOT EDIT THIS FILE DIRECTLY.
  # yarn lockfile v1
